#
# A fatal error has been detected by the Java Runtime Environment:
#
#  EXCEPTION_ACCESS_VIOLATION (0xc0000005) at pc=0x00000000683b7657, pid=1292, tid=6496
#
# JRE version: Java(TM) SE Runtime Environment (8.0_73-b02) (build 1.8.0_73-b02)
# Java VM: Java HotSpot(TM) 64-Bit Server VM (25.73-b02 mixed mode windows-amd64 compressed oops)
# Problematic frame:
# V  [jvm.dll+0x27657]
#
# Failed to write core dump. Minidumps are not enabled by default on client versions of Windows
#
# If you would like to submit a bug report, please visit:
#   http://bugreport.java.com/bugreport/crash.jsp
#

---------------  T H R E A D  ---------------

Current thread (0x00000000566a6800):  JavaThread "C2 CompilerThread1" daemon [_thread_in_vm, id=6496, stack(0x0000000057050000,0x0000000057150000)]

siginfo: ExceptionCode=0xc0000005, reading address 0x000000000000058a

Registers:
RAX=0xffffffffffffff01, RBX=0x000000000000058a, RCX=0x0000000002250f50, RDX=0x000000006896b548
RSP=0x000000005714dc80, RBP=0x000000005714dd39, RSI=0x0000000000000000, RDI=0x0000000000000027
R8 =0x0000000000000000, R9 =0x00000000584bc1b0, R10=0x0000000000000000, R11=0x00000000585ef39c
R12=0x000000005714de60, R13=0x000000000000f000, R14=0x0000000000000000, R15=0x000000005714f458
RIP=0x00000000683b7657, EFLAGS=0x0000000000010202

Top of Stack: (sp=0x000000005714dc80)
0x000000005714dc80:   000000005714f458 000000000232e700
0x000000005714dc90:   0000000000000000 0000000000000000
0x000000005714dca0:   0000000200000001 0000000000000000
0x000000005714dcb0:   000000000000000f 00000000584bc1b0
0x000000005714dcc0:   0000000000000000 00000000585ef39c
0x000000005714dcd0:   00000000585ef39c 0000000000000000
0x000000005714dce0:   000000000312b96b 0000000000000029
0x000000005714dcf0:   00000000585ef390 0000000000010000
0x000000005714dd00:   000000000312bce0 0000000003122fa0
0x000000005714dd10:   000000000312b380 000000000312c3c8
0x000000005714dd20:   000000000312aa95 000000000312b970
0x000000005714dd30:   00000000689682e8 000000005714dcc0
0x000000005714dd40:   0000000000000000 0000000000000000
0x000000005714dd50:   0000000000000000 0000000000000000
0x000000005714dd60:   0000000057bc7d90 0000000002259820
0x000000005714dd70:   00000000566a6800 000000005714f600 

Instructions: (pc=0x00000000683b7657)
0x00000000683b7637:   00 e8 e3 8c 0c 00 48 3b d8 0f 84 c0 00 00 00 48
0x00000000683b7647:   8b 13 48 8b cb ff 52 18 84 c0 74 04 48 8b 5b 08
0x00000000683b7657:   48 8b 03 48 8b cb ff 50 10 84 c0 74 0c 48 8b 43
0x00000000683b7667:   08 48 8b 48 08 48 8b 59 18 48 8b 03 48 8b cb ff 


Register to memory mapping:

RAX=0xffffffffffffff01 is an unknown value
RBX=0x000000000000058a is an unknown value
RCX=0x0000000002250f50 is an unknown value
RDX=0x000000006896b548 is an unknown value
RSP=0x000000005714dc80 is pointing into the stack for thread: 0x00000000566a6800
RBP=0x000000005714dd39 is pointing into the stack for thread: 0x00000000566a6800
RSI=0x0000000000000000 is an unknown value
RDI=0x0000000000000027 is an unknown value
R8 =0x0000000000000000 is an unknown value
R9 =0x00000000584bc1b0 is an unknown value
R10=0x0000000000000000 is an unknown value
R11=0x00000000585ef39c is an unknown value
R12=0x000000005714de60 is pointing into the stack for thread: 0x00000000566a6800
R13=0x000000000000f000 is an unknown value
R14=0x0000000000000000 is an unknown value
R15=0x000000005714f458 is pointing into the stack for thread: 0x00000000566a6800


Stack: [0x0000000057050000,0x0000000057150000],  sp=0x000000005714dc80,  free space=1015k
Native frames: (J=compiled Java code, j=interpreted, Vv=VM code, C=native code)
V  [jvm.dll+0x27657]
V  [jvm.dll+0x9c285]
V  [jvm.dll+0x3055e]
V  [jvm.dll+0x4702c5]
V  [jvm.dll+0x453492]
V  [jvm.dll+0xa4932]
V  [jvm.dll+0xa526f]
V  [jvm.dll+0x243234]
V  [jvm.dll+0x29a10a]
C  [msvcr100.dll+0x21d9f]
C  [msvcr100.dll+0x21e3b]
C  [kernel32.dll+0x159cd]
C  [ntdll.dll+0x2a561]


Current CompileTask:
C2:   5039 1713   !   4       com.android.dx.cf.code.BytecodeArray::parseInstruction (2764 bytes)


---------------  P R O C E S S  ---------------

Java Threads: ( => current thread )
  0x0000000057ec3800 JavaThread "pool-2-thread-4" [_thread_blocked, id=4712, stack(0x0000000057610000,0x0000000057710000)]
  0x0000000056918000 JavaThread "pool-2-thread-3" [_thread_blocked, id=744, stack(0x00000000578f0000,0x00000000579f0000)]
  0x0000000056845800 JavaThread "pool-2-thread-2" [_thread_blocked, id=6968, stack(0x0000000057720000,0x0000000057820000)]
  0x0000000056816000 JavaThread "pool-3-thread-1" [_thread_blocked, id=4864, stack(0x00000000574c0000,0x00000000575c0000)]
  0x00000000567e0800 JavaThread "pool-2-thread-1" [_thread_blocked, id=6264, stack(0x00000000571a0000,0x00000000572a0000)]
  0x0000000056731000 JavaThread "Service Thread" daemon [_thread_blocked, id=4056, stack(0x0000000056bb0000,0x0000000056cb0000)]
  0x00000000552ff800 JavaThread "C1 CompilerThread2" daemon [_thread_blocked, id=6580, stack(0x0000000056490000,0x0000000056590000)]
=>0x00000000566a6800 JavaThread "C2 CompilerThread1" daemon [_thread_in_vm, id=6496, stack(0x0000000057050000,0x0000000057150000)]
  0x00000000566a4800 JavaThread "C2 CompilerThread0" daemon [_thread_in_native, id=6852, stack(0x0000000056e10000,0x0000000056f10000)]
  0x00000000552f6000 JavaThread "Attach Listener" daemon [_thread_blocked, id=4572, stack(0x0000000056cb0000,0x0000000056db0000)]
  0x00000000552f3800 JavaThread "Signal Dispatcher" daemon [_thread_blocked, id=3480, stack(0x0000000056aa0000,0x0000000056ba0000)]
  0x0000000055297800 JavaThread "Finalizer" daemon [_thread_blocked, id=6188, stack(0x0000000056220000,0x0000000056320000)]
  0x0000000055290800 JavaThread "Reference Handler" daemon [_thread_blocked, id=6212, stack(0x00000000565a0000,0x00000000566a0000)]
  0x0000000002248000 JavaThread "main" [_thread_blocked, id=5056, stack(0x00000000024f0000,0x00000000025f0000)]

Other Threads:
  0x000000005528b000 VMThread [stack: 0x0000000056390000,0x0000000056490000] [id=3316]
  0x000000005673a800 WatcherThread [stack: 0x00000000572a0000,0x00000000573a0000] [id=4828]

VM state:not at safepoint (normal execution)

VM Mutex/Monitor currently owned by a thread:  ([mutex/lock_event])
[0x000000000232e700] Compile_lock - owner thread: 0x00000000566a6800
[0x000000000232e800] MethodCompileQueue_lock - owner thread: 0x00000000566a6800

Heap:
 PSYoungGen      total 138240K, used 45759K [0x00000000eab00000, 0x00000000f3700000, 0x0000000100000000)
  eden space 133120K, 30% used [0x00000000eab00000,0x00000000ed2b1398,0x00000000f2d00000)
  from space 5120K, 99% used [0x00000000f3200000,0x00000000f36fe908,0x00000000f3700000)
  to   space 5120K, 0% used [0x00000000f2d00000,0x00000000f2d00000,0x00000000f3200000)
 ParOldGen       total 87552K, used 42791K [0x00000000c0000000, 0x00000000c5580000, 0x00000000eab00000)
  object space 87552K, 48% used [0x00000000c0000000,0x00000000c29c9da8,0x00000000c5580000)
 Metaspace       used 5947K, capacity 7024K, committed 7296K, reserved 1056768K
  class space    used 584K, capacity 616K, committed 640K, reserved 1048576K

Card table byte_map: [0x0000000011c80000,0x0000000011e90000] byte_map_base: 0x0000000011680000

Marking Bits: (ParMarkBitMap*) 0x0000000068ba0600
 Begin Bits: [0x0000000012700000, 0x0000000013700000)
 End Bits:   [0x0000000013700000, 0x0000000014700000)

Polling page: 0x0000000000330000

CodeCache: size=245760Kb used=8596Kb max_used=8596Kb free=237163Kb
 bounds [0x00000000028c0000, 0x0000000003130000, 0x00000000118c0000]
 total_blobs=2046 nmethods=1782 adapters=175
 compilation: enabled

Compilation events (10 events):
Event: 4.993 Thread 0x00000000552ff800 1795       3       com.android.dx.ssa.Optimizer::runSsaFormSteps (117 bytes)
Event: 4.994 Thread 0x00000000552ff800 nmethod 1795 0x000000000311d410 code [0x000000000311d7c0, 0x000000000311f118]
Event: 4.994 Thread 0x00000000552ff800 1799       3       java.util.TimSort::sort (229 bytes)
Event: 4.995 Thread 0x00000000552ff800 nmethod 1799 0x000000000311fe10 code [0x0000000003120000, 0x00000000031206f8]
Event: 4.995 Thread 0x00000000552ff800 1796       3       com.android.dx.ssa.MoveParamCombiner::process (12 bytes)
Event: 4.995 Thread 0x00000000552ff800 nmethod 1796 0x0000000003120c10 code [0x0000000003120d80, 0x0000000003121008]
Event: 4.995 Thread 0x00000000552ff800 1797       3       com.android.dx.ssa.MoveParamCombiner::<init> (10 bytes)
Event: 4.995 Thread 0x00000000552ff800 nmethod 1797 0x0000000003121110 code [0x0000000003121260, 0x0000000003121430]
Event: 4.995 Thread 0x00000000552ff800 1798       3       com.android.dx.ssa.MoveParamCombiner::run (45 bytes)
Event: 4.996 Thread 0x00000000552ff800 nmethod 1798 0x00000000031214d0 code [0x00000000031216a0, 0x0000000003121f38]

GC Heap History (8 events):
Event: 1.072 GC heap before
{Heap before GC invocations=1 (full 0):
 PSYoungGen      total 38400K, used 33280K [0x00000000eab00000, 0x00000000ed580000, 0x0000000100000000)
  eden space 33280K, 100% used [0x00000000eab00000,0x00000000ecb80000,0x00000000ecb80000)
  from space 5120K, 0% used [0x00000000ed080000,0x00000000ed080000,0x00000000ed580000)
  to   space 5120K, 0% used [0x00000000ecb80000,0x00000000ecb80000,0x00000000ed080000)
 ParOldGen       total 87552K, used 0K [0x00000000c0000000, 0x00000000c5580000, 0x00000000eab00000)
  object space 87552K, 0% used [0x00000000c0000000,0x00000000c0000000,0x00000000c5580000)
 Metaspace       used 5665K, capacity 6832K, committed 7040K, reserved 1056768K
  class space    used 581K, capacity 616K, committed 640K, reserved 1048576K
Event: 1.091 GC heap after
Heap after GC invocations=1 (full 0):
 PSYoungGen      total 38400K, used 5108K [0x00000000eab00000, 0x00000000ef600000, 0x0000000100000000)
  eden space 33280K, 0% used [0x00000000eab00000,0x00000000eab00000,0x00000000ecb80000)
  from space 5120K, 99% used [0x00000000ecb80000,0x00000000ed07d248,0x00000000ed080000)
  to   space 5120K, 0% used [0x00000000ef100000,0x00000000ef100000,0x00000000ef600000)
 ParOldGen       total 87552K, used 2767K [0x00000000c0000000, 0x00000000c5580000, 0x00000000eab00000)
  object space 87552K, 3% used [0x00000000c0000000,0x00000000c02b3dd0,0x00000000c5580000)
 Metaspace       used 5665K, capacity 6832K, committed 7040K, reserved 1056768K
  class space    used 581K, capacity 616K, committed 640K, reserved 1048576K
}
Event: 2.236 GC heap before
{Heap before GC invocations=2 (full 0):
 PSYoungGen      total 38400K, used 38388K [0x00000000eab00000, 0x00000000ef600000, 0x0000000100000000)
  eden space 33280K, 100% used [0x00000000eab00000,0x00000000ecb80000,0x00000000ecb80000)
  from space 5120K, 99% used [0x00000000ecb80000,0x00000000ed07d248,0x00000000ed080000)
  to   space 5120K, 0% used [0x00000000ef100000,0x00000000ef100000,0x00000000ef600000)
 ParOldGen       total 87552K, used 2767K [0x00000000c0000000, 0x00000000c5580000, 0x00000000eab00000)
  object space 87552K, 3% used [0x00000000c0000000,0x00000000c02b3dd0,0x00000000c5580000)
 Metaspace       used 5737K, capacity 6896K, committed 7040K, reserved 1056768K
  class space    used 582K, capacity 616K, committed 640K, reserved 1048576K
Event: 2.278 GC heap after
Heap after GC invocations=2 (full 0):
 PSYoungGen      total 71680K, used 5108K [0x00000000eab00000, 0x00000000ef600000, 0x0000000100000000)
  eden space 66560K, 0% used [0x00000000eab00000,0x00000000eab00000,0x00000000eec00000)
  from space 5120K, 99% used [0x00000000ef100000,0x00000000ef5fd110,0x00000000ef600000)
  to   space 5120K, 0% used [0x00000000eec00000,0x00000000eec00000,0x00000000ef100000)
 ParOldGen       total 87552K, used 16420K [0x00000000c0000000, 0x00000000c5580000, 0x00000000eab00000)
  object space 87552K, 18% used [0x00000000c0000000,0x00000000c10093f8,0x00000000c5580000)
 Metaspace       used 5737K, capacity 6896K, committed 7040K, reserved 1056768K
  class space    used 582K, capacity 616K, committed 640K, reserved 1048576K
}
Event: 3.632 GC heap before
{Heap before GC invocations=3 (full 0):
 PSYoungGen      total 71680K, used 71668K [0x00000000eab00000, 0x00000000ef600000, 0x0000000100000000)
  eden space 66560K, 100% used [0x00000000eab00000,0x00000000eec00000,0x00000000eec00000)
  from space 5120K, 99% used [0x00000000ef100000,0x00000000ef5fd110,0x00000000ef600000)
  to   space 5120K, 0% used [0x00000000eec00000,0x00000000eec00000,0x00000000ef100000)
 ParOldGen       total 87552K, used 16420K [0x00000000c0000000, 0x00000000c5580000, 0x00000000eab00000)
  object space 87552K, 18% used [0x00000000c0000000,0x00000000c10093f8,0x00000000c5580000)
 Metaspace       used 5851K, capacity 6960K, committed 7040K, reserved 1056768K
  class space    used 582K, capacity 616K, committed 640K, reserved 1048576K
Event: 3.648 GC heap after
Heap after GC invocations=3 (full 0):
 PSYoungGen      total 71680K, used 5096K [0x00000000eab00000, 0x00000000f3700000, 0x0000000100000000)
  eden space 66560K, 0% used [0x00000000eab00000,0x00000000eab00000,0x00000000eec00000)
  from space 5120K, 99% used [0x00000000eec00000,0x00000000ef0fa3c8,0x00000000ef100000)
  to   space 5120K, 0% used [0x00000000f3200000,0x00000000f3200000,0x00000000f3700000)
 ParOldGen       total 87552K, used 28649K [0x00000000c0000000, 0x00000000c5580000, 0x00000000eab00000)
  object space 87552K, 32% used [0x00000000c0000000,0x00000000c1bfa550,0x00000000c5580000)
 Metaspace       used 5851K, capacity 6960K, committed 7040K, reserved 1056768K
  class space    used 582K, capacity 616K, committed 640K, reserved 1048576K
}
Event: 4.780 GC heap before
{Heap before GC invocations=4 (full 0):
 PSYoungGen      total 71680K, used 71656K [0x00000000eab00000, 0x00000000f3700000, 0x0000000100000000)
  eden space 66560K, 100% used [0x00000000eab00000,0x00000000eec00000,0x00000000eec00000)
  from space 5120K, 99% used [0x00000000eec00000,0x00000000ef0fa3c8,0x00000000ef100000)
  to   space 5120K, 0% used [0x00000000f3200000,0x00000000f3200000,0x00000000f3700000)
 ParOldGen       total 87552K, used 28649K [0x00000000c0000000, 0x00000000c5580000, 0x00000000eab00000)
  object space 87552K, 32% used [0x00000000c0000000,0x00000000c1bfa550,0x00000000c5580000)
 Metaspace       used 5911K, capacity 7024K, committed 7296K, reserved 1056768K
  class space    used 584K, capacity 616K, committed 640K, reserved 1048576K
Event: 4.802 GC heap after
Heap after GC invocations=4 (full 0):
 PSYoungGen      total 138240K, used 5114K [0x00000000eab00000, 0x00000000f3700000, 0x0000000100000000)
  eden space 133120K, 0% used [0x00000000eab00000,0x00000000eab00000,0x00000000f2d00000)
  from space 5120K, 99% used [0x00000000f3200000,0x00000000f36fe908,0x00000000f3700000)
  to   space 5120K, 0% used [0x00000000f2d00000,0x00000000f2d00000,0x00000000f3200000)
 ParOldGen       total 87552K, used 42791K [0x00000000c0000000, 0x00000000c5580000, 0x00000000eab00000)
  object space 87552K, 48% used [0x00000000c0000000,0x00000000c29c9da8,0x00000000c5580000)
 Metaspace       used 5911K, capacity 7024K, committed 7296K, reserved 1056768K
  class space    used 584K, capacity 616K, committed 640K, reserved 1048576K
}

Deoptimization events (10 events):
Event: 4.721 Thread 0x00000000567e0800 Uncommon trap: reason=bimorphic action=maybe_recompile pc=0x0000000002fc0e70 method=com.android.dx.cf.code.BytecodeArray.parseInstruction(ILcom/android/dx/cf/code/BytecodeArray$Visitor;)I @ 907
Event: 4.721 Thread 0x00000000567e0800 Uncommon trap: reason=bimorphic action=maybe_recompile pc=0x0000000002fc1390 method=com.android.dx.cf.code.BytecodeArray.parseInstruction(ILcom/android/dx/cf/code/BytecodeArray$Visitor;)I @ 1224
Event: 4.721 Thread 0x00000000567e0800 Uncommon trap: reason=bimorphic action=maybe_recompile pc=0x0000000002fc0ef0 method=com.android.dx.cf.code.BytecodeArray.parseInstruction(ILcom/android/dx/cf/code/BytecodeArray$Visitor;)I @ 923
Event: 4.721 Thread 0x00000000567e0800 Uncommon trap: reason=bimorphic action=maybe_recompile pc=0x0000000002fc1390 method=com.android.dx.cf.code.BytecodeArray.parseInstruction(ILcom/android/dx/cf/code/BytecodeArray$Visitor;)I @ 1224
Event: 4.806 Thread 0x00000000567e0800 Uncommon trap: reason=unstable_if action=reinterpret pc=0x0000000003054dac method=com.android.dx.cf.code.OneLocalsArray.<init>(I)V @ 2
Event: 4.806 Thread 0x00000000567e0800 Uncommon trap: reason=unstable_if action=reinterpret pc=0x0000000002dca0f0 method=com.android.dx.cf.code.RopperMachine.run(Lcom/android/dx/cf/code/Frame;II)V @ 1500
Event: 4.806 Thread 0x00000000567e0800 Uncommon trap: reason=unstable_if action=reinterpret pc=0x0000000002fe28f8 method=com.android.dx.cf.code.OneLocalsArray.<init>(I)V @ 2
Event: 4.807 Thread 0x00000000567e0800 Uncommon trap: reason=unstable_if action=reinterpret pc=0x0000000002ff57a8 method=com.android.dx.cf.code.Simulator.requiredArrayTypeFor(Lcom/android/dx/rop/type/Type;Lcom/android/dx/rop/type/Type;)Lcom/android/dx/rop/type/Type; @ 29
Event: 4.808 Thread 0x00000000567e0800 Uncommon trap: reason=unstable_if action=reinterpret pc=0x0000000002fa0b30 method=java.util.BitSet.set(II)V @ 7
Event: 4.808 Thread 0x00000000567e0800 Uncommon trap: reason=unstable_if action=reinterpret pc=0x0000000002ea566c method=java.util.BitSet.nextClearBit(I)I @ 45

Internal exceptions (4 events):
Event: 0.026 Thread 0x0000000002248000 Exception <a 'java/lang/NoSuchMethodError': Method sun.misc.Unsafe.defineClass(Ljava/lang/String;[BII)Ljava/lang/Class; name or signature does not match> (0x00000000eab0db98) thrown at [D:\re\puppet\workspace\8-2-build-windows-amd64-cygwin\jdk8u73\6086\hot÷”¸©1¨š?
Event: 0.026 Thread 0x0000000002248000 Exception <a 'java/lang/NoSuchMethodError': Method sun.misc.Unsafe.prefetchRead(Ljava/lang/Object;J)V name or signature does not match> (0x00000000eab0de80) thrown at [D:\re\puppet\workspace\8-2-build-windows-amd64-cygwin\jdk8u73\6086\hotspot\src\share\vm\6=ÚÒfâ?
Event: 0.575 Thread 0x0000000056918000 Implicit null exception at 0x0000000002b6ba92 to 0x0000000002b6bb8a
Event: 0.576 Thread 0x0000000056918000 Implicit null exception at 0x0000000002b45f96 to 0x0000000002b47ab9

Events (10 events):
Event: 4.808 Thread 0x00000000567e0800 Uncommon trap: trap_request=0xffffff65 fr.pc=0x0000000002fa0b30
Event: 4.808 Thread 0x00000000567e0800 DEOPT PACKING pc=0x0000000002fa0b30 sp=0x000000005729ebd0
Event: 4.808 Thread 0x00000000567e0800 DEOPT UNPACKING pc=0x000000000290582a sp=0x000000005729eb98 mode 2
Event: 4.808 Thread 0x00000000567e0800 Uncommon trap: trap_request=0xffffff65 fr.pc=0x0000000002ea566c
Event: 4.808 Thread 0x00000000567e0800 DEOPT PACKING pc=0x0000000002ea566c sp=0x000000005729eb70
Event: 4.808 Thread 0x00000000567e0800 DEOPT UNPACKING pc=0x000000000290582a sp=0x000000005729ea20 mode 2
Event: 4.847 Executing VM operation: RevokeBias
Event: 4.847 Executing VM operation: RevokeBias done
Event: 4.847 Executing VM operation: RevokeBias
Event: 4.847 Executing VM operation: RevokeBias done


Dynamic libraries:
0x000000013f8c0000 - 0x000000013f8f7000 	C:\Program Files\Java\jdk1.8.0_73\bin\java.exe
0x0000000077c80000 - 0x0000000077e2a000 	C:\Windows\SYSTEM32\ntdll.dll
0x0000000077a60000 - 0x0000000077b7f000 	C:\Windows\system32\kernel32.dll
0x000007fefdcc0000 - 0x000007fefdd2a000 	C:\Windows\system32\KERNELBASE.dll
0x000007feff590000 - 0x000007feff66b000 	C:\Windows\system32\ADVAPI32.dll
0x000007fefe150000 - 0x000007fefe1ef000 	C:\Windows\system32\msvcrt.dll
0x000007feff990000 - 0x000007feff9af000 	C:\Windows\SYSTEM32\sechost.dll
0x000007fefe2e0000 - 0x000007fefe40d000 	C:\Windows\system32\RPCRT4.dll
0x0000000077b80000 - 0x0000000077c7a000 	C:\Windows\system32\USER32.dll
0x000007feff920000 - 0x000007feff987000 	C:\Windows\system32\GDI32.dll
0x000007fefe1f0000 - 0x000007fefe1fe000 	C:\Windows\system32\LPK.dll
0x000007fefe080000 - 0x000007fefe14a000 	C:\Windows\system32\USP10.dll
0x000007fefc1e0000 - 0x000007fefc3d4000 	C:\Windows\WinSxS\amd64_microsoft.windows.common-controls_6595b64144ccf1df_6.0.7601.18837_none_fa3b1e3d17594757\COMCTL32.dll
0x000007feffb40000 - 0x000007feffbb1000 	C:\Windows\system32\SHLWAPI.dll
0x000007feff710000 - 0x000007feff73e000 	C:\Windows\system32\IMM32.DLL
0x000007feff480000 - 0x000007feff589000 	C:\Windows\system32\MSCTF.dll
0x0000000069f70000 - 0x000000006a042000 	C:\Program Files\Java\jdk1.8.0_73\jre\bin\msvcr100.dll
0x0000000068390000 - 0x0000000068c20000 	C:\Program Files\Java\jdk1.8.0_73\jre\bin\server\jvm.dll
0x000007fef33b0000 - 0x000007fef33b9000 	C:\Windows\system32\WSOCK32.dll
0x000007fefe030000 - 0x000007fefe07d000 	C:\Windows\system32\WS2_32.dll
0x000007fefe020000 - 0x000007fefe028000 	C:\Windows\system32\NSI.dll
0x000007fefa450000 - 0x000007fefa48b000 	C:\Windows\system32\WINMM.dll
0x000007fefc9f0000 - 0x000007fefc9fc000 	C:\Windows\system32\VERSION.dll
0x0000000077e50000 - 0x0000000077e57000 	C:\Windows\system32\PSAPI.DLL
0x000000006cc50000 - 0x000000006cc5f000 	C:\Program Files\Java\jdk1.8.0_73\jre\bin\verify.dll
0x000000006cc20000 - 0x000000006cc49000 	C:\Program Files\Java\jdk1.8.0_73\jre\bin\java.dll
0x000000006cc00000 - 0x000000006cc16000 	C:\Program Files\Java\jdk1.8.0_73\jre\bin\zip.dll
0x000007fefe6f0000 - 0x000007feff47a000 	C:\Windows\system32\SHELL32.dll
0x000007fefe4f0000 - 0x000007fefe6ec000 	C:\Windows\system32\ole32.dll
0x000007fefd970000 - 0x000007fefd97f000 	C:\Windows\system32\profapi.dll
0x000007fef9f90000 - 0x000007fefa0b5000 	C:\Windows\system32\dbghelp.dll

VM Arguments:
jvm_args: -Djava.awt.headless=true -Xmx1024M -Dfile.encoding=windows-1252 -Duser.country=US -Duser.language=en -Duser.variant 
java_command: com.android.dx.command.Main --dex --force-jumbo --num-threads=4 --multi-dex --output M:\Publications\Winikka\JoshSalsbury_Android\SmartMirrorApp\app\build\intermediates\transforms\dex\debug\folders\1000\5\slice_5 M:\Publications\Winikka\JoshSalsbury_Android\SmartMirrorApp\app\build\intermediates\transforms\instantRunSlicer\debug\folders\1\5\slice_5
java_class_path (initial): C:\Users\salsj345\AppData\Local\Android\Sdk\build-tools\25.0.2\lib\dx.jar
Launcher Type: SUN_STANDARD

Environment Variables:
PATH=C:\Program Files (x86)\Python36-32\Scripts\;C:\Program Files (x86)\Python36-32\;C:\Program Files (x86)\Intel\iCLS Client\;C:\Program Files\Intel\iCLS Client\;C:\Program Files (x86)\Python35-32\Scripts\;C:\Program Files (x86)\Python35-32\;C:\Program Files (x86)\iis express\PHP\v5.3;C:\Program Files (x86)\Common Files\Intel\Shared Libraries\redist\intel64\compiler;C:\Program Files (x86)\iis express\PHP\v5.5;C:\Program Files\PHP\v7.0;C:\ProgramData\Oracle\Java\javapath;C:\Program Files\Common Files\Microsoft Shared\Microsoft Online Services;C:\Program Files (x86)\Common Files\Microsoft Shared\Microsoft Online Services;C:\Windows\system32;C:\Windows;C:\Windows\System32\Wbem;C:\Program Files (x86)\Microsoft Application Virtualization Client;C:\Windows\System32\WindowsPowerShell\v1.0\;C:\Windows\System32\WindowsPowerShell\v1.0\;C:\Program Files (x86)\GtkSharp\2.12\bin;C:\Program Files (x86)\IVI Foundation\VISA\WinNT\Bin;C:\Program Files\MySQL\MySQL Server 5.1\bin;C:\Program Files (x86)\PuTTY\;C:\Program Files (x86)\Intel\Intel(R) Management Engine Components\DAL;C:\Program Files\Intel\Intel(R) Management Engine Components\DAL;C:\Program Files (x86)\Intel\Intel(R) Management Engine Components\IPT;C:\Program Files\Intel\Intel(R) Management Engine Components\IPT
USERNAME=salsj345
OS=Windows_NT
PROCESSOR_IDENTIFIER=Intel64 Family 6 Model 60 Stepping 3, GenuineIntel



---------------  S Y S T E M  ---------------

OS: Windows 7 , 64 bit Build 7601 (6.1.7601.23714)

CPU:total 4 (4 cores per cpu, 1 threads per core) family 6 model 60 stepping 3, cmov, cx8, fxsr, mmx, sse, sse2, sse3, ssse3, sse4.1, sse4.2, popcnt, avx, avx2, aes, clmul, erms, lzcnt, tsc, tscinvbit, bmi1, bmi2

Memory: 4k page, physical 8305168k(2639096k free), swap 16608476k(10214504k free)

vm_info: Java HotSpot(TM) 64-Bit Server VM (25.73-b02) for windows-amd64 JRE (1.8.0_73-b02), built on Jan 29 2016 17:38:49 by "java_re" with MS VC++ 10.0 (VS2010)

time: Mon May 15 11:36:15 2017
elapsed time: 5 seconds (0d 0h 0m 5s)

